Copyright 1986-2019 Xilinx, Inc. All Rights Reserved.
--------------------------------------------------------------------------------------
| Tool Version : Vivado v.2019.1 (win64) Build 2552052 Fri May 24 14:49:42 MDT 2019
| Date         : Sun Apr 18 22:34:36 2021
| Host         : DESKTOP-REPUBLIC running 64-bit major release  (build 9200)
| Command      : report_control_sets -verbose -file stopWatch_control_sets_placed.rpt
| Design       : stopWatch
| Device       : xc7a35ti
--------------------------------------------------------------------------------------

Control Set Information

Table of Contents
-----------------
1. Summary
2. Histogram
3. Flip-Flop Distribution
4. Detailed Control Set Information

1. Summary
----------

+----------------------------------------------------------+-------+
|                          Status                          | Count |
+----------------------------------------------------------+-------+
| Total control sets                                       |     8 |
|    Minimum number of control sets                        |     8 |
|    Addition due to synthesis replication                 |     0 |
|    Addition due to physical synthesis replication        |     0 |
| Unused register locations in slices containing registers |    35 |
+----------------------------------------------------------+-------+
* Control sets can be merged at opt_design using control_set_merge or merge_equivalent_drivers
** Run report_qor_suggestions for automated merging and remapping suggestions


2. Histogram
------------

+--------------------+-------+
|       Fanout       | Count |
+--------------------+-------+
| Total control sets |     8 |
| >= 0 to < 4        |     0 |
| >= 4 to < 6        |     4 |
| >= 6 to < 8        |     0 |
| >= 8 to < 10       |     0 |
| >= 10 to < 12      |     2 |
| >= 12 to < 14      |     0 |
| >= 14 to < 16      |     0 |
| >= 16              |     2 |
+--------------------+-------+
* Control sets can be remapped at either synth_design or opt_design


3. Flip-Flop Distribution
-------------------------

+--------------+-----------------------+------------------------+-----------------+--------------+
| Clock Enable | Synchronous Set/Reset | Asynchronous Set/Reset | Total Registers | Total Slices |
+--------------+-----------------------+------------------------+-----------------+--------------+
| No           | No                    | No                     |              26 |           10 |
| No           | No                    | Yes                    |               0 |            0 |
| No           | Yes                   | No                     |               0 |            0 |
| Yes          | No                    | No                     |               0 |            0 |
| Yes          | No                    | Yes                    |              16 |            5 |
| Yes          | Yes                   | No                     |              51 |           14 |
+--------------+-----------------------+------------------------+-----------------+--------------+


4. Detailed Control Set Information
-----------------------------------

+-----------------+-------------------------------+----------------------------+------------------+----------------+
|   Clock Signal  |         Enable Signal         |      Set/Reset Signal      | Slice Load Count | Bel Load Count |
+-----------------+-------------------------------+----------------------------+------------------+----------------+
|  t/oneHz_enable | t/hex3[3]_i_1_n_0             | resetbtn/d_reset           |                1 |              4 |
|  t/oneHz_enable | t/hex1[3]_i_1_n_0             | resetbtn/d_reset           |                1 |              4 |
|  t/oneHz_enable | t/hex2[3]_i_1_n_0             | resetbtn/d_reset           |                2 |              4 |
|  t/oneHz_enable | t/hex0[3]_i_1_n_0             | resetbtn/d_reset           |                1 |              4 |
|  clk_IBUF_BUFG  | pausebtn/q_reg[10]_i_2_n_0    | pausebtn/q_reg[10]_i_1_n_0 |                3 |             11 |
|  clk_IBUF_BUFG  | resetbtn/q_reg[10]_i_2__0_n_0 | resetbtn/q_reg[10]_i_1_n_0 |                3 |             11 |
|  clk_IBUF_BUFG  |                               |                            |               10 |             26 |
|  clk_IBUF_BUFG  | pausebtn/DB_out_reg_0         | t/oneHz_counter[0]_i_1_n_0 |                8 |             29 |
+-----------------+-------------------------------+----------------------------+------------------+----------------+


