Copyright 1986-2019 Xilinx, Inc. All Rights Reserved.
---------------------------------------------------------------------------------------------------------------
| Tool Version : Vivado v.2019.1 (win64) Build 2552052 Fri May 24 14:49:42 MDT 2019
| Date         : Wed Feb 10 20:41:24 2021
| Host         : DESKTOP-REPUBLIC running 64-bit major release  (build 9200)
| Command      : report_drc -file bin7seg_drc_routed.rpt -pb bin7seg_drc_routed.pb -rpx bin7seg_drc_routed.rpx
| Design       : bin7seg
| Device       : xc7a35ticpg236-1L
| Speed File   : -1L
| Design State : Fully Routed
---------------------------------------------------------------------------------------------------------------

Report DRC

Table of Contents
-----------------
1. REPORT SUMMARY
2. REPORT DETAILS

1. REPORT SUMMARY
-----------------
            Netlist: netlist
          Floorplan: design_1
      Design limits: <entire design considered>
           Ruledeck: default
             Max violations: <unlimited>
             Violations found: 0
+------+----------+-------------+------------+
| Rule | Severity | Description | Violations |
+------+----------+-------------+------------+
+------+----------+-------------+------------+

2. REPORT DETAILS
-----------------

